<?xml version="1.0" encoding="UTF-8"?>
<testsuite xmlns:xsi="http://www.w3.org/2001/XMLSchema-instance" xsi:noNamespaceSchemaLocation="https://maven.apache.org/surefire/maven-surefire-plugin/xsd/surefire-test-report-3.0.xsd" version="3.0" name="com.homeloan.main.admin.HomeLoanProjectAdminApplicationTests" time="7.995" tests="1" errors="0" skipped="0" failures="0">
  <properties>
[...]
</properties>
  <testcase name="contextLoads" classname="com.homeloan.main.admin.HomeLoanProjectAdminApplicationTests" time="0.761">
    <system-out><![CDATA[15:36:41.683 [main] INFO org.springframework.test.context.support.AnnotationConfigContextLoaderUtils -- Could not detect default configuration classes for test class [com.homeloan.main.admin.HomeLoanProjectAdminApplicationTests]: HomeLoanProjectAdminApplicationTests does not declare any static, non-private, non-final, nested classes annotated with @Configuration.
15:36:41.829 [main] INFO org.springframework.boot.test.context.SpringBootTestContextBootstrapper -- Found @SpringBootConfiguration com.homeloan.main.admin.HomeLoanProjectAdminApplication for test class com.homeloan.main.admin.HomeLoanProjectAdminApplicationTests
15:36:42.095 [main] INFO org.springframework.boot.devtools.restart.RestartApplicationListener -- Restart disabled due to context in which it is running

  .   ____          _            __ _ _
 /\\ / ___'_ __ _ _(_)_ __  __ _ \ \ \ \
( ( )\___ | '_ | '_| | '_ \/ _` | \ \ \ \
 \\/  ___)| |_)| | | | | || (_| |  ) ) ) )
  '  |____| .__|_| |_|_| |_\__, | / / / /
 =========|_|==============|___/=/_/_/_/
 :: Spring Boot ::                (v3.2.3)

2024-03-19T15:36:42.529+05:30  INFO 9892 --- [admin] [           main] m.a.HomeLoanProjectAdminApplicationTests : Starting HomeLoanProjectAdminApplicationTests using Java 17.0.9 with PID 9892 (started by yukta in C:\Users\yukta\git\HomeLoan\HomeLoanProject_Admin)
2024-03-19T15:36:42.531+05:30  INFO 9892 --- [admin] [           main] m.a.HomeLoanProjectAdminApplicationTests : No active profile set, falling back to 1 default profile: "default"
2024-03-19T15:36:43.504+05:30  INFO 9892 --- [admin] [           main] .s.d.r.c.RepositoryConfigurationDelegate : Bootstrapping Spring Data JPA repositories in DEFAULT mode.
2024-03-19T15:36:43.710+05:30  INFO 9892 --- [admin] [           main] .s.d.r.c.RepositoryConfigurationDelegate : Finished Spring Data repository scanning in 197 ms. Found 1 JPA repository interface.
2024-03-19T15:36:44.044+05:30  INFO 9892 --- [admin] [           main] o.s.cloud.context.scope.GenericScope     : BeanFactory id=11b109c4-a375-3ec7-a554-ba5c8a4da429
2024-03-19T15:36:44.208+05:30  WARN 9892 --- [admin] [           main] trationDelegate$BeanPostProcessorChecker : Bean 'org.springframework.cloud.client.loadbalancer.LoadBalancerAutoConfiguration$LoadBalancerInterceptorConfig' of type [org.springframework.cloud.client.loadbalancer.LoadBalancerAutoConfiguration$LoadBalancerInterceptorConfig] is not eligible for getting processed by all BeanPostProcessors (for example: not eligible for auto-proxying). The currently created BeanPostProcessor [lbRestClientPostProcessor] is declared through a non-static factory method on that class; consider declaring it as static instead.
2024-03-19T15:36:44.209+05:30  WARN 9892 --- [admin] [           main] trationDelegate$BeanPostProcessorChecker : Bean 'org.springframework.cloud.loadbalancer.config.BlockingLoadBalancerClientAutoConfiguration' of type [org.springframework.cloud.loadbalancer.config.BlockingLoadBalancerClientAutoConfiguration] is not eligible for getting processed by all BeanPostProcessors (for example: not eligible for auto-proxying). Is this bean getting eagerly injected into a currently created BeanPostProcessor [lbRestClientPostProcessor]? Check the corresponding BeanPostProcessor declaration and its dependencies.
2024-03-19T15:36:44.212+05:30  WARN 9892 --- [admin] [           main] trationDelegate$BeanPostProcessorChecker : Bean 'org.springframework.cloud.loadbalancer.config.LoadBalancerAutoConfiguration' of type [org.springframework.cloud.loadbalancer.config.LoadBalancerAutoConfiguration] is not eligible for getting processed by all BeanPostProcessors (for example: not eligible for auto-proxying). Is this bean getting eagerly injected into a currently created BeanPostProcessor [lbRestClientPostProcessor]? Check the corresponding BeanPostProcessor declaration and its dependencies.
2024-03-19T15:36:44.221+05:30  WARN 9892 --- [admin] [           main] trationDelegate$BeanPostProcessorChecker : Bean 'org.springframework.cloud.commons.config.CommonsConfigAutoConfiguration' of type [org.springframework.cloud.commons.config.CommonsConfigAutoConfiguration] is not eligible for getting processed by all BeanPostProcessors (for example: not eligible for auto-proxying). Is this bean getting eagerly injected into a currently created BeanPostProcessor [lbRestClientPostProcessor]? Check the corresponding BeanPostProcessor declaration and its dependencies.
2024-03-19T15:36:44.223+05:30  WARN 9892 --- [admin] [           main] trationDelegate$BeanPostProcessorChecker : Bean 'org.springframework.cloud.client.loadbalancer.LoadBalancerDefaultMappingsProviderAutoConfiguration' of type [org.springframework.cloud.client.loadbalancer.LoadBalancerDefaultMappingsProviderAutoConfiguration] is not eligible for getting processed by all BeanPostProcessors (for example: not eligible for auto-proxying). Is this bean getting eagerly injected into a currently created BeanPostProcessor [lbRestClientPostProcessor]? Check the corresponding BeanPostProcessor declaration and its dependencies.
2024-03-19T15:36:44.224+05:30  WARN 9892 --- [admin] [           main] trationDelegate$BeanPostProcessorChecker : Bean 'loadBalancerClientsDefaultsMappingsProvider' of type [org.springframework.cloud.client.loadbalancer.LoadBalancerDefaultMappingsProviderAutoConfiguration$$Lambda$949/0x00000001005133f8] is not eligible for getting processed by all BeanPostProcessors (for example: not eligible for auto-proxying). Is this bean getting eagerly injected into a currently created BeanPostProcessor [lbRestClientPostProcessor]? Check the corresponding BeanPostProcessor declaration and its dependencies.
2024-03-19T15:36:44.225+05:30  WARN 9892 --- [admin] [           main] trationDelegate$BeanPostProcessorChecker : Bean 'defaultsBindHandlerAdvisor' of type [org.springframework.cloud.commons.config.DefaultsBindHandlerAdvisor] is not eligible for getting processed by all BeanPostProcessors (for example: not eligible for auto-proxying). Is this bean getting eagerly injected into a currently created BeanPostProcessor [lbRestClientPostProcessor]? Check the corresponding BeanPostProcessor declaration and its dependencies.
2024-03-19T15:36:44.233+05:30  WARN 9892 --- [admin] [           main] trationDelegate$BeanPostProcessorChecker : Bean 'spring.cloud.loadbalancer-org.springframework.cloud.client.loadbalancer.LoadBalancerClientsProperties' of type [org.springframework.cloud.client.loadbalancer.LoadBalancerClientsProperties] is not eligible for getting processed by all BeanPostProcessors (for example: not eligible for auto-proxying). Is this bean getting eagerly injected into a currently created BeanPostProcessor [lbRestClientPostProcessor]? Check the corresponding BeanPostProcessor declaration and its dependencies.
2024-03-19T15:36:44.239+05:30  WARN 9892 --- [admin] [           main] trationDelegate$BeanPostProcessorChecker : Bean 'default.org.springframework.cloud.loadbalancer.config.LoadBalancerAutoConfiguration.LoadBalancerClientSpecification' of type [org.springframework.cloud.loadbalancer.annotation.LoadBalancerClientSpecification] is not eligible for getting processed by all BeanPostProcessors (for example: not eligible for auto-proxying). Is this bean getting eagerly injected into a currently created BeanPostProcessor [lbRestClientPostProcessor]? Check the corresponding BeanPostProcessor declaration and its dependencies.
2024-03-19T15:36:44.240+05:30  WARN 9892 --- [admin] [           main] trationDelegate$BeanPostProcessorChecker : Bean 'default.org.springframework.cloud.loadbalancer.config.BlockingLoadBalancerClientAutoConfiguration.LoadBalancerClientSpecification' of type [org.springframework.cloud.loadbalancer.annotation.LoadBalancerClientSpecification] is not eligible for getting processed by all BeanPostProcessors (for example: not eligible for auto-proxying). Is this bean getting eagerly injected into a currently created BeanPostProcessor [lbRestClientPostProcessor]? Check the corresponding BeanPostProcessor declaration and its dependencies.
2024-03-19T15:36:44.241+05:30  WARN 9892 --- [admin] [           main] trationDelegate$BeanPostProcessorChecker : Bean 'default.org.springframework.cloud.netflix.eureka.loadbalancer.LoadBalancerEurekaAutoConfiguration.LoadBalancerClientSpecification' of type [org.springframework.cloud.loadbalancer.annotation.LoadBalancerClientSpecification] is not eligible for getting processed by all BeanPostProcessors (for example: not eligible for auto-proxying). Is this bean getting eagerly injected into a currently created BeanPostProcessor [lbRestClientPostProcessor]? Check the corresponding BeanPostProcessor declaration and its dependencies.
2024-03-19T15:36:44.243+05:30  WARN 9892 --- [admin] [           main] trationDelegate$BeanPostProcessorChecker : Bean 'loadBalancerClientFactory' of type [org.springframework.cloud.loadbalancer.support.LoadBalancerClientFactory] is not eligible for getting processed by all BeanPostProcessors (for example: not eligible for auto-proxying). Is this bean getting eagerly injected into a currently created BeanPostProcessor [lbRestClientPostProcessor]? Check the corresponding BeanPostProcessor declaration and its dependencies.
2024-03-19T15:36:44.247+05:30  WARN 9892 --- [admin] [           main] trationDelegate$BeanPostProcessorChecker : Bean 'blockingLoadBalancerClient' of type [org.springframework.cloud.loadbalancer.blocking.client.BlockingLoadBalancerClient] is not eligible for getting processed by all BeanPostProcessors (for example: not eligible for auto-proxying). Is this bean getting eagerly injected into a currently created BeanPostProcessor [lbRestClientPostProcessor]? Check the corresponding BeanPostProcessor declaration and its dependencies.
2024-03-19T15:36:44.253+05:30  WARN 9892 --- [admin] [           main] trationDelegate$BeanPostProcessorChecker : Bean 'homeLoanProjectAdminApplication' of type [com.homeloan.main.admin.HomeLoanProjectAdminApplication$$SpringCGLIB$$0] is not eligible for getting processed by all BeanPostProcessors (for example: not eligible for auto-proxying). Is this bean getting eagerly injected into a currently created BeanPostProcessor [lbRestClientPostProcessor]? Check the corresponding BeanPostProcessor declaration and its dependencies.
2024-03-19T15:36:44.273+05:30  WARN 9892 --- [admin] [           main] trationDelegate$BeanPostProcessorChecker : Bean 'restTemplate' of type [org.springframework.web.client.RestTemplate] is not eligible for getting processed by all BeanPostProcessors (for example: not eligible for auto-proxying). Is this bean getting eagerly injected into a currently created BeanPostProcessor [lbRestClientPostProcessor]? Check the corresponding BeanPostProcessor declaration and its dependencies.
2024-03-19T15:36:44.282+05:30  WARN 9892 --- [admin] [           main] trationDelegate$BeanPostProcessorChecker : Bean 'loadBalancerServiceInstanceCookieTransformer' of type [org.springframework.cloud.loadbalancer.core.LoadBalancerServiceInstanceCookieTransformer] is not eligible for getting processed by all BeanPostProcessors (for example: not eligible for auto-proxying). Is this bean getting eagerly injected into a currently created BeanPostProcessor [lbRestClientPostProcessor]? Check the corresponding BeanPostProcessor declaration and its dependencies.
2024-03-19T15:36:44.285+05:30  WARN 9892 --- [admin] [           main] trationDelegate$BeanPostProcessorChecker : Bean 'xForwarderHeadersTransformer' of type [org.springframework.cloud.loadbalancer.blocking.XForwardedHeadersTransformer] is not eligible for getting processed by all BeanPostProcessors (for example: not eligible for auto-proxying). Is this bean getting eagerly injected into a currently created BeanPostProcessor [lbRestClientPostProcessor]? Check the corresponding BeanPostProcessor declaration and its dependencies.
2024-03-19T15:36:44.285+05:30  WARN 9892 --- [admin] [           main] trationDelegate$BeanPostProcessorChecker : Bean 'org.springframework.cloud.client.loadbalancer.LoadBalancerAutoConfiguration' of type [org.springframework.cloud.client.loadbalancer.LoadBalancerAutoConfiguration] is not eligible for getting processed by all BeanPostProcessors (for example: not eligible for auto-proxying). Is this bean getting eagerly injected into a currently created BeanPostProcessor [lbRestClientPostProcessor]? Check the corresponding BeanPostProcessor declaration and its dependencies.
2024-03-19T15:36:44.287+05:30  WARN 9892 --- [admin] [           main] trationDelegate$BeanPostProcessorChecker : Bean 'loadBalancerRequestFactory' of type [org.springframework.cloud.client.loadbalancer.LoadBalancerRequestFactory] is not eligible for getting processed by all BeanPostProcessors (for example: not eligible for auto-proxying). Is this bean getting eagerly injected into a currently created BeanPostProcessor [lbRestClientPostProcessor]? Check the corresponding BeanPostProcessor declaration and its dependencies.
2024-03-19T15:36:44.287+05:30  WARN 9892 --- [admin] [           main] trationDelegate$BeanPostProcessorChecker : Bean 'loadBalancerInterceptor' of type [org.springframework.cloud.client.loadbalancer.LoadBalancerInterceptor] is not eligible for getting processed by all BeanPostProcessors (for example: not eligible for auto-proxying). Is this bean getting eagerly injected into a currently created BeanPostProcessor [lbRestClientPostProcessor]? Check the corresponding BeanPostProcessor declaration and its dependencies.
2024-03-19T15:36:44.455+05:30  INFO 9892 --- [admin] [           main] o.hibernate.jpa.internal.util.LogHelper  : HHH000204: Processing PersistenceUnitInfo [name: default]
2024-03-19T15:36:44.563+05:30  INFO 9892 --- [admin] [           main] org.hibernate.Version                    : HHH000412: Hibernate ORM core version 6.4.4.Final
2024-03-19T15:36:44.615+05:30  INFO 9892 --- [admin] [           main] o.h.c.internal.RegionFactoryInitiator    : HHH000026: Second-level cache disabled
2024-03-19T15:36:45.006+05:30  INFO 9892 --- [admin] [           main] o.s.o.j.p.SpringPersistenceUnitInfo      : No LoadTimeWeaver setup: ignoring JPA class transformer
2024-03-19T15:36:45.048+05:30  INFO 9892 --- [admin] [           main] com.zaxxer.hikari.HikariDataSource       : HikariPool-1 - Starting...
2024-03-19T15:36:45.437+05:30  INFO 9892 --- [admin] [           main] com.zaxxer.hikari.pool.HikariPool        : HikariPool-1 - Added connection com.mysql.cj.jdbc.ConnectionImpl@32e7b78d
2024-03-19T15:36:45.441+05:30  INFO 9892 --- [admin] [           main] com.zaxxer.hikari.HikariDataSource       : HikariPool-1 - Start completed.
2024-03-19T15:36:45.531+05:30  WARN 9892 --- [admin] [           main] org.hibernate.orm.deprecation            : HHH90000025: MySQLDialect does not need to be specified explicitly using 'hibernate.dialect' (remove the property setting and it will be selected by default)
2024-03-19T15:36:46.571+05:30  INFO 9892 --- [admin] [           main] o.h.e.t.j.p.i.JtaPlatformInitiator       : HHH000489: No JTA platform available (set 'hibernate.transaction.jta.platform' to enable JTA platform integration)
Hibernate: create table employee (employee_id integer not null, address varchar(255), employee_designation varchar(255), employee_email varchar(255), employee_mobile_no bigint, employee_name varchar(255), pass_word varchar(255), user_name varchar(255), primary key (employee_id)) engine=InnoDB
Hibernate: create table employee_seq (next_val bigint) engine=InnoDB
Hibernate: insert into employee_seq values ( 1 )
Hibernate: alter table employee drop index UK_rdnn82v8q5bku2gdhf86u6p97
Hibernate: alter table employee add constraint UK_rdnn82v8q5bku2gdhf86u6p97 unique (employee_email)
Hibernate: alter table employee drop index UK_2cq2kc5guq993h00ga3syn4ph
Hibernate: alter table employee add constraint UK_2cq2kc5guq993h00ga3syn4ph unique (employee_mobile_no)
Hibernate: alter table employee drop index UK_o885fqgb71dmn4hp0p6rs4ms4
Hibernate: alter table employee add constraint UK_o885fqgb71dmn4hp0p6rs4ms4 unique (user_name)
2024-03-19T15:36:46.876+05:30  INFO 9892 --- [admin] [           main] j.LocalContainerEntityManagerFactoryBean : Initialized JPA EntityManagerFactory for persistence unit 'default'
2024-03-19T15:36:47.314+05:30  WARN 9892 --- [admin] [           main] JpaBaseConfiguration$JpaWebConfiguration : spring.jpa.open-in-view is enabled by default. Therefore, database queries may be performed during view rendering. Explicitly configure spring.jpa.open-in-view to disable this warning
2024-03-19T15:36:47.951+05:30  INFO 9892 --- [admin] [           main] DiscoveryClientOptionalArgsConfiguration : Eureka HTTP Client uses RestTemplate.
2024-03-19T15:36:48.064+05:30  WARN 9892 --- [admin] [           main] iguration$LoadBalancerCaffeineWarnLogger : Spring Cloud LoadBalancer is currently working with the default cache. While this cache implementation is useful for development and tests, it's recommended to use Caffeine cache in production.You can switch to using Caffeine cache, by adding it and org.springframework.cache.caffeine.CaffeineCacheManager to the classpath.
2024-03-19T15:36:48.093+05:30  INFO 9892 --- [admin] [           main] o.s.c.n.eureka.InstanceInfoFactory       : Setting initial instance status as: STARTING
2024-03-19T15:36:48.221+05:30  INFO 9892 --- [admin] [           main] com.netflix.discovery.DiscoveryClient    : Initializing Eureka in region us-east-1
2024-03-19T15:36:48.225+05:30  INFO 9892 --- [admin] [           main] c.n.d.s.r.aws.ConfigClusterResolver      : Resolving eureka endpoints via configuration
2024-03-19T15:36:48.257+05:30  INFO 9892 --- [admin] [           main] com.netflix.discovery.DiscoveryClient    : Disable delta property : false
2024-03-19T15:36:48.258+05:30  INFO 9892 --- [admin] [           main] com.netflix.discovery.DiscoveryClient    : Single vip registry refresh property : null
2024-03-19T15:36:48.258+05:30  INFO 9892 --- [admin] [           main] com.netflix.discovery.DiscoveryClient    : Force full registry fetch : false
2024-03-19T15:36:48.258+05:30  INFO 9892 --- [admin] [           main] com.netflix.discovery.DiscoveryClient    : Application is null : false
2024-03-19T15:36:48.258+05:30  INFO 9892 --- [admin] [           main] com.netflix.discovery.DiscoveryClient    : Registered Applications size is zero : true
2024-03-19T15:36:48.258+05:30  INFO 9892 --- [admin] [           main] com.netflix.discovery.DiscoveryClient    : Application version is -1: true
2024-03-19T15:36:48.258+05:30  INFO 9892 --- [admin] [           main] com.netflix.discovery.DiscoveryClient    : Getting all instance registry info from the eureka server
2024-03-19T15:36:48.631+05:30  INFO 9892 --- [admin] [           main] com.netflix.discovery.DiscoveryClient    : The response status is 200
2024-03-19T15:36:48.635+05:30  INFO 9892 --- [admin] [           main] com.netflix.discovery.DiscoveryClient    : Starting heartbeat executor: renew interval is: 30
2024-03-19T15:36:48.637+05:30  INFO 9892 --- [admin] [           main] c.n.discovery.InstanceInfoReplicator     : InstanceInfoReplicator onDemand update allowed rate per min is 4
2024-03-19T15:36:48.643+05:30  INFO 9892 --- [admin] [           main] com.netflix.discovery.DiscoveryClient    : Discovery Client initialized at timestamp 1710842808642 with initial instances count: 1
2024-03-19T15:36:48.648+05:30  INFO 9892 --- [admin] [           main] o.s.c.n.e.s.EurekaServiceRegistry        : Registering application ADMIN with eureka with status UP
2024-03-19T15:36:48.649+05:30  INFO 9892 --- [admin] [           main] com.netflix.discovery.DiscoveryClient    : Saw local status change event StatusChangeEvent [timestamp=1710842808649, current=UP, previous=STARTING]
2024-03-19T15:36:48.651+05:30  INFO 9892 --- [admin] [nfoReplicator-0] com.netflix.discovery.DiscoveryClient    : DiscoveryClient_ADMIN/LAPTOP-ENLDSP8A:admin:9092: registering service...
2024-03-19T15:36:48.662+05:30  INFO 9892 --- [admin] [           main] m.a.HomeLoanProjectAdminApplicationTests : Started HomeLoanProjectAdminApplicationTests in 6.589 seconds (process running for 8.161)
2024-03-19T15:36:48.704+05:30  INFO 9892 --- [admin] [nfoReplicator-0] com.netflix.discovery.DiscoveryClient    : DiscoveryClient_ADMIN/LAPTOP-ENLDSP8A:admin:9092 - registration status: 204
]]></system-out>
  </testcase>
</testsuite>